<?xml version="1.0" encoding="UTF-8"?>
<!-- Generated by org.testng.reporters.JUnitXMLReporter -->
<testsuite ignored="5" hostname="LAPTOP-K4A3966N" failures="0" tests="1" name="Default test" time="2.64" errors="0" timestamp="28 Nov 2022 03:14:21 GMT">
  <testcase classname="APIAssign" name="PUT" time="2.599"/>
  <testcase classname="APIAssign" name="Delete" time="0.0">
    <ignored/>
  </testcase> <!-- Delete -->
  <testcase classname="APIAssign" name="POST" time="0.0">
    <ignored/>
  </testcase> <!-- POST -->
  <testcase classname="APIAssign" name="GET" time="0.0">
    <ignored/>
  </testcase> <!-- GET -->
  <testcase classname="APIAssign" name="Patch" time="0.0">
    <ignored/>
  </testcase> <!-- Patch -->
  <testcase classname="APIAssign" name="Assertions" time="0.0">
    <ignored/>
  </testcase> <!-- Assertions -->
</testsuite> <!-- Default test -->
