<?xml version="1.0" encoding="UTF-8"?>
<testng-results ignored="5" total="6" passed="1" failed="0" skipped="0">
  <reporter-output>
  </reporter-output>
  <suite started-at="2022-11-28T03:14:18Z" name="Default suite" finished-at="2022-11-28T03:14:21Z" duration-ms="2640">
    <groups>
    </groups>
    <test started-at="2022-11-28T03:14:18Z" name="Default test" finished-at="2022-11-28T03:14:21Z" duration-ms="2640">
      <class name="APIAssign">
        <test-method signature="PUT()[pri:0, instance:APIAssign@5a3bc7ed]" started-at="2022-11-28T03:14:18Z" name="PUT" finished-at="2022-11-28T03:14:21Z" duration-ms="2599" status="PASS">
          <reporter-output>
          </reporter-output>
        </test-method> <!-- PUT -->
      </class> <!-- APIAssign -->
    </test> <!-- Default test -->
  </suite> <!-- Default suite -->
</testng-results>
